[08-Jan-2014 12:37:19 Asia/Calcutta] PHP Warning:  unlink(DealerDetails20140108-123719-ushat.xls): No such file or directory in /home/manju/public/imax.relyonsoft.net/public/user/reports/exceldealerreport.php on line 229
[09-Jan-2014 10:13:58 Asia/Calcutta] PHP Warning:  unlink(DealerDetails20140109-101358-preeti.a@relyonsoft.com.xls): No such file or directory in /home/manju/public/imax.relyonsoft.net/public/user/reports/exceldealerreport.php on line 229
[09-Jan-2014 14:36:12 Asia/Calcutta] PHP Warning:  unlink(DealerDetails20140109-143612-preeti.a@relyonsoft.com.xls): No such file or directory in /home/manju/public/imax.relyonsoft.net/public/user/reports/exceldealerreport.php on line 229
[11-Jan-2014 15:14:06 Asia/Calcutta] PHP Warning:  unlink(DealerDetails20140111-151405-ushat.xls): No such file or directory in /home/manju/public/imax.relyonsoft.net/public/user/reports/exceldealerreport.php on line 229
[21-Jan-2014 10:38:31 Asia/Calcutta] PHP Warning:  unlink(DealerDetails20140121-103828-ushat.xls): No such file or directory in /home/manju/public/imax.relyonsoft.net/public/user/reports/exceldealerreport.php on line 229
[23-Jan-2014 10:39:17 Asia/Calcutta] PHP Warning:  readfile(http://imax.relyonsoft.net/user/filecreated/UpdationDetails20140123-103806-bopannakn.xls): failed to open stream: HTTP request failed! HTTP/1.1 404 Not Found
 in /home/manju/public/imax.relyonsoft.net/public/user/functions/phpfunctions.php on line 579
[23-Jan-2014 10:43:06 Asia/Calcutta] PHP Warning:  readfile(http://imax.relyonsoft.net/user/filecreated/UpdationDetails20140123-104158-bopannakn.xls): failed to open stream: HTTP request failed! HTTP/1.1 404 Not Found
 in /home/manju/public/imax.relyonsoft.net/public/user/functions/phpfunctions.php on line 579
[23-Jan-2014 10:47:53 Asia/Calcutta] PHP Warning:  readfile(http://imax.relyonsoft.net/user/filecreated/UpdationDetails20140123-104704-bhumika.xls): failed to open stream: HTTP request failed! HTTP/1.1 404 Not Found
 in /home/manju/public/imax.relyonsoft.net/public/user/functions/phpfunctions.php on line 579
[23-Jan-2014 14:36:59 Asia/Calcutta] PHP Warning:  readfile(http://imax.relyonsoft.net/user/filecreated/DealerDetails20140123-143615-hejal.xls): failed to open stream: HTTP request failed! HTTP/1.1 404 Not Found
 in /home/manju/public/imax.relyonsoft.net/public/user/functions/phpfunctions.php on line 579
[23-Jan-2014 14:36:59 Asia/Calcutta] PHP Warning:  unlink(DealerDetails20140123-143615-hejal.xls): No such file or directory in /home/manju/public/imax.relyonsoft.net/public/user/reports/exceldealerreport.php on line 229
[23-Jan-2014 15:03:48 Asia/Calcutta] PHP Warning:  readfile(http://...@relyonsoft.com.txt): failed to open stream: HTTP request failed! HTTP/1.1 404 Not Found
 in /home/manju/public/imax.relyonsoft.net/public/user/functions/phpfunctions.php on line 579
[23-Jan-2014 15:04:14 Asia/Calcutta] PHP Warning:  readfile(http://...@relyonsoft.com.txt): failed to open stream: HTTP request failed! HTTP/1.1 404 Not Found
 in /home/manju/public/imax.relyonsoft.net/public/user/functions/phpfunctions.php on line 579
[23-Jan-2014 15:04:28 Asia/Calcutta] PHP Warning:  readfile(http://...@relyonsoft.com.txt): failed to open stream: HTTP request failed! HTTP/1.1 404 Not Found
 in /home/manju/public/imax.relyonsoft.net/public/user/functions/phpfunctions.php on line 579
[23-Jan-2014 15:09:06 Asia/Calcutta] PHP Warning:  readfile(http://...@relyonsoft.com.txt): failed to open stream: HTTP request failed! HTTP/1.1 404 Not Found
 in /home/manju/public/imax.relyonsoft.net/public/user/functions/phpfunctions.php on line 579
[23-Jan-2014 15:09:15 Asia/Calcutta] PHP Warning:  readfile(http://...@relyonsoft.com.txt): failed to open stream: HTTP request failed! HTTP/1.1 404 Not Found
 in /home/manju/public/imax.relyonsoft.net/public/user/functions/phpfunctions.php on line 579
[23-Jan-2014 15:12:45 Asia/Calcutta] PHP Warning:  readfile(http://...@relyonsoft.com.txt): failed to open stream: HTTP request failed! HTTP/1.1 404 Not Found
 in /home/manju/public/imax.relyonsoft.net/public/user/functions/phpfunctions.php on line 579
[23-Jan-2014 15:13:47 Asia/Calcutta] PHP Warning:  readfile(http://imax.relyonsoft.net/user/filecreated/DealerDetails20140123-151303-hejal.xls): failed to open stream: HTTP request failed! HTTP/1.1 404 Not Found
 in /home/manju/public/imax.relyonsoft.net/public/user/functions/phpfunctions.php on line 579
[23-Jan-2014 15:13:47 Asia/Calcutta] PHP Warning:  unlink(DealerDetails20140123-151303-hejal.xls): No such file or directory in /home/manju/public/imax.relyonsoft.net/public/user/reports/exceldealerreport.php on line 229
[23-Jan-2014 15:22:28 Asia/Calcutta] PHP Warning:  readfile(http://imax.relyonsoft.net/user/filecreated/DealerDetails20140123-152144-hejal.xls): failed to open stream: HTTP request failed! HTTP/1.1 404 Not Found
 in /home/manju/public/imax.relyonsoft.net/public/user/functions/phpfunctions.php on line 579
[23-Jan-2014 15:22:28 Asia/Calcutta] PHP Warning:  unlink(DealerDetails20140123-152144-hejal.xls): No such file or directory in /home/manju/public/imax.relyonsoft.net/public/user/reports/exceldealerreport.php on line 229
[23-Jan-2014 15:26:14 Asia/Calcutta] PHP Warning:  readfile(http://imax.relyonsoft.net/user/filecreated/CustomerContactDetails20140123-152614-hejal.xls): failed to open stream: HTTP request failed! HTTP/1.1 404 Not Found
 in /home/manju/public/imax.relyonsoft.net/public/user/functions/phpfunctions.php on line 579
[23-Jan-2014 15:29:28 Asia/Calcutta] PHP Warning:  readfile(http://imax.relyonsoft.net/user/filecreated/DealerDetails20140123-152844-hejal.xls): failed to open stream: HTTP request failed! HTTP/1.1 404 Not Found
 in /home/manju/public/imax.relyonsoft.net/public/user/functions/phpfunctions.php on line 579
[23-Jan-2014 15:29:28 Asia/Calcutta] PHP Warning:  unlink(DealerDetails20140123-152844-hejal.xls): No such file or directory in /home/manju/public/imax.relyonsoft.net/public/user/reports/exceldealerreport.php on line 229
[23-Jan-2014 17:41:51 Asia/Calcutta] PHP Warning:  readfile(http://imax.relyonsoft.net/user/filecreated/DealerDetails20140123-174108-superbadmin.xls): failed to open stream: HTTP request failed! HTTP/1.1 404 Not Found
 in /home/manju/public/imax.relyonsoft.net/public/user/functions/phpfunctions.php on line 579
[23-Jan-2014 17:41:51 Asia/Calcutta] PHP Warning:  unlink(DealerDetails20140123-174108-superbadmin.xls): No such file or directory in /home/manju/public/imax.relyonsoft.net/public/user/reports/exceldealerreport.php on line 229
[24-Jan-2014 12:30:14 Asia/Calcutta] PHP Warning:  unlink(DealerDetails20140124-123013-hejal.xls): No such file or directory in /home/manju/public/imax.relyonsoft.net/public/user/reports/exceldealerreport.php on line 229
[24-Jan-2014 12:30:25 Asia/Calcutta] PHP Warning:  unlink(DealerDetails20140124-123025-hejal.xls): No such file or directory in /home/manju/public/imax.relyonsoft.net/public/user/reports/exceldealerreport.php on line 229
